2025-04-22T22:45:15.127Z [INFO] [local-data-service] Successfully read 82099 records from CSV file
2025-04-22T22:45:16.600Z [INFO] [local-data-service] Successfully read 82099 records from CSV file
2025-04-22T22:45:17.607Z [INFO] [visualization-helper] Time series visualization error: This method is not implemented: Check that a complete date adapter is provided.
2025-04-22T22:45:17.908Z [INFO] [local-data-service] Successfully read 82099 records from CSV file
2025-04-22T22:47:29.146Z [INFO] [local-data-service] Successfully read 82099 records from CSV file
2025-04-22T22:47:30.603Z [INFO] [visualization-helper] Time series visualization error: This method is not implemented: Check that a complete date adapter is provided.
2025-04-22T22:47:30.764Z [INFO] [local-data-service] Successfully read 82099 records from CSV file
2025-04-22T22:47:35.949Z [INFO] [local-data-service] Successfully read 82099 records from CSV file
2025-04-22T22:47:37.037Z [INFO] [visualization-helper] Time series visualization error: This method is not implemented: Check that a complete date adapter is provided.
2025-04-22T22:48:19.793Z [INFO] [local-data-service] Successfully read 82099 records from CSV file
2025-04-22T22:48:20.568Z [INFO] [local-data-service] Successfully read 82099 records from CSV file
2025-04-22T22:48:20.857Z [INFO] [local-data-service] Successfully read 82099 records from CSV file
2025-04-22T22:53:37.501Z [INFO] [local-data-service] Successfully read 82099 records from CSV file
2025-04-22T22:53:39.022Z [INFO] [local-data-service] Successfully read 82099 records from CSV file
2025-04-22T22:53:39.360Z [INFO] [local-data-service] Successfully read 82099 records from CSV file
2025-04-22T23:29:46.605Z [INFO] [local-data-service] Successfully read 82099 records from CSV file
2025-04-22T23:29:48.282Z [INFO] [local-data-service] Successfully read 82099 records from CSV file
2025-04-22T23:29:48.839Z [INFO] [local-data-service] Successfully read 82099 records from CSV file
2025-04-22T23:29:58.990Z [INFO] [local-data-service] Successfully read 82099 records from CSV file
2025-04-22T23:30:13.980Z [INFO] [local-data-service] Successfully read 82099 records from CSV file
2025-04-22T23:30:59.288Z [INFO] [local-data-service] Successfully read 82099 records from CSV file
2025-04-22T23:31:59.163Z [INFO] [local-data-service] Successfully read 82099 records from CSV file
2025-04-22T23:32:58.935Z [INFO] [local-data-service] Successfully read 82099 records from CSV file
2025-04-22T23:33:59.632Z [INFO] [local-data-service] Successfully read 82099 records from CSV file
2025-04-22T23:34:58.929Z [INFO] [local-data-service] Successfully read 82099 records from CSV file
2025-04-22T23:35:58.941Z [INFO] [local-data-service] Successfully read 82099 records from CSV file
2025-04-22T23:36:59.128Z [INFO] [local-data-service] Successfully read 82099 records from CSV file
2025-04-22T23:37:58.926Z [INFO] [local-data-service] Successfully read 82099 records from CSV file
2025-04-22T23:38:58.931Z [INFO] [local-data-service] Successfully read 82099 records from CSV file
2025-04-22T23:39:59.816Z [INFO] [local-data-service] Successfully read 82099 records from CSV file
2025-04-22T23:40:59.071Z [INFO] [local-data-service] Successfully read 82099 records from CSV file
2025-04-22T23:41:58.926Z [INFO] [local-data-service] Successfully read 82099 records from CSV file
2025-04-22T23:42:10.902Z [INFO] [local-data-service] Successfully read 82099 records from CSV file
2025-04-22T23:42:10.924Z [INFO] [local-data-service] Successfully read 82099 records from CSV file
2025-04-22T23:42:11.194Z [INFO] [local-data-service] Successfully read 82099 records from CSV file
2025-04-22T23:42:12.829Z [INFO] [local-data-service] Successfully read 82099 records from CSV file
2025-04-22T23:42:13.194Z [INFO] [local-data-service] Successfully read 82099 records from CSV file
2025-04-22T23:42:13.491Z [INFO] [local-data-service] Successfully read 82099 records from CSV file
2025-04-22T23:42:13.783Z [INFO] [local-data-service] Successfully read 82099 records from CSV file
2025-04-22T23:42:14.076Z [INFO] [local-data-service] Successfully read 82099 records from CSV file
2025-04-22T23:42:24.760Z [INFO] [local-data-service] Successfully read 82099 records from CSV file
2025-04-22T23:43:11.030Z [INFO] [local-data-service] Successfully read 82099 records from CSV file
2025-04-22T23:44:11.021Z [INFO] [local-data-service] Successfully read 82099 records from CSV file
2025-04-22T23:44:51.601Z [INFO] [local-data-service] Successfully read 82099 records from CSV file
2025-04-22T23:44:51.622Z [INFO] [local-data-service] Successfully read 82099 records from CSV file
2025-04-22T23:44:53.395Z [INFO] [local-data-service] Successfully read 82099 records from CSV file
2025-04-22T23:45:11.042Z [INFO] [local-data-service] Successfully read 82099 records from CSV file
2025-04-22T23:45:29.368Z [INFO] [local-data-service] Successfully read 82099 records from CSV file
2025-04-22T23:46:11.014Z [INFO] [local-data-service] Successfully read 82099 records from CSV file
2025-04-23T00:21:20.576Z [INFO] [thingspeak] Fetching data from ThingSpeak: results=100
2025-04-23T00:21:35.889Z [INFO] [thingspeak] Fetching data from ThingSpeak: results=100
2025-04-23T00:22:02.112Z [INFO] [thingspeak] Fetching data from ThingSpeak: results=100
2025-04-23T00:22:03.857Z [INFO] [thingspeak] Retrieved data from cache: channel_data_2863798_100_2025-03-01_2025-03-31_1
2025-04-23T00:22:47.616Z [INFO] [thingspeak] Fetching data from ThingSpeak: results=100
2025-04-23T00:24:06.921Z [INFO] [thingspeak] Retrieved data from cache: channel_data_2863798_100_null_null_1
2025-04-23T00:24:13.845Z [INFO] [thingspeak] Fetching data from ThingSpeak: results=100
2025-04-23T00:24:44.181Z [INFO] [thingspeak] Fetching data from ThingSpeak: results=100
2025-04-23T00:25:03.713Z [INFO] [thingspeak] Retrieved data from cache: channel_data_2863798_100_2025-04-09_2025-04-17_1
2025-04-23T00:32:24.760Z [INFO] [thingspeak] Fetching data from ThingSpeak: results=100
2025-04-23T00:32:25.862Z [INFO] [thingspeak] Retrieved data from cache: channel_data_2863798_100_null_null_1
2025-04-23T00:32:27.244Z [INFO] [thingspeak] Retrieved data from cache: channel_data_2863798_100_null_null_1
2025-04-23T00:33:14.261Z [INFO] [thingspeak] Fetching data from ThingSpeak: results=100
2025-04-23T00:33:42.277Z [INFO] [thingspeak] Retrieved data from cache: channel_data_2863798_100_null_null_1
2025-04-23T00:34:02.768Z [INFO] [thingspeak] Retrieved data from cache: channel_data_2863798_100_null_null_1
2025-04-23T00:34:32.643Z [INFO] [thingspeak] Fetching data from ThingSpeak: results=100
2025-04-23T00:34:59.127Z [INFO] [thingspeak] Fetching data from ThingSpeak: results=100
2025-04-23T00:38:12.981Z [INFO] [thingspeak] Fetching data from ThingSpeak: results=100
2025-04-23T00:38:26.515Z [INFO] [thingspeak] Fetching data from ThingSpeak: results=100
2025-04-23T00:39:11.458Z [INFO] [thingspeak] Retrieved data from cache: channel_data_2863798_100_null_null_1
2025-04-23T00:39:19.374Z [INFO] [thingspeak] Fetching data from ThingSpeak: results=100
