Requirement already satisfied: pandas==2.1.1 in c:\users\burak\appdata\local\packages\pythonsoftwarefoundation.python.3.11_qbz5n2kfra8p0\localcache\local-packages\python311\site-packages (from -r requirements.txt (line 1)) (2.1.1)
Requirement already satisfied: numpy==1.26.0 in c:\users\burak\appdata\local\packages\pythonsoftwarefoundation.python.3.11_qbz5n2kfra8p0\localcache\local-packages\python311\site-packages (from -r requirements.txt (line 2)) (1.26.0)
Requirement already satisfied: matplotlib==3.8.0 in c:\users\burak\appdata\local\packages\pythonsoftwarefoundation.python.3.11_qbz5n2kfra8p0\localcache\local-packages\python311\site-packages (from -r requirements.txt (line 3)) (3.8.0)
Requirement already satisfied: seaborn==0.13.0 in c:\users\burak\appdata\local\packages\pythonsoftwarefoundation.python.3.11_qbz5n2kfra8p0\localcache\local-packages\python311\site-packages (from -r requirements.txt (line 4)) (0.13.0)
Requirement already satisfied: scikit-learn==1.3.1 in c:\users\burak\appdata\local\packages\pythonsoftwarefoundation.python.3.11_qbz5n2kfra8p0\localcache\local-packages\python311\site-packages (from -r requirements.txt (line 5)) (1.3.1)
Requirement already satisfied: python-dateutil>=2.8.2 in c:\users\burak\appdata\local\packages\pythonsoftwarefoundation.python.3.11_qbz5n2kfra8p0\localcache\local-packages\python311\site-packages (from pandas==2.1.1->-r requirements.txt (line 1)) (2.8.2)
Requirement already satisfied: pytz>=2020.1 in c:\users\burak\appdata\local\packages\pythonsoftwarefoundation.python.3.11_qbz5n2kfra8p0\localcache\local-packages\python311\site-packages (from pandas==2.1.1->-r requirements.txt (line 1)) (2023.3.post1)
Requirement already satisfied: tzdata>=2022.1 in c:\users\burak\appdata\local\packages\pythonsoftwarefoundation.python.3.11_qbz5n2kfra8p0\localcache\local-packages\python311\site-packages (from pandas==2.1.1->-r requirements.txt (line 1)) (2023.3)
Requirement already satisfied: contourpy>=1.0.1 in c:\users\burak\appdata\local\packages\pythonsoftwarefoundation.python.3.11_qbz5n2kfra8p0\localcache\local-packages\python311\site-packages (from matplotlib==3.8.0->-r requirements.txt (line 3)) (1.2.0)
Requirement already satisfied: cycler>=0.10 in c:\users\burak\appdata\local\packages\pythonsoftwarefoundation.python.3.11_qbz5n2kfra8p0\localcache\local-packages\python311\site-packages (from matplotlib==3.8.0->-r requirements.txt (line 3)) (0.12.1)
Requirement already satisfied: fonttools>=4.22.0 in c:\users\burak\appdata\local\packages\pythonsoftwarefoundation.python.3.11_qbz5n2kfra8p0\localcache\local-packages\python311\site-packages (from matplotlib==3.8.0->-r requirements.txt (line 3)) (4.46.0)
Requirement already satisfied: kiwisolver>=1.0.1 in c:\users\burak\appdata\local\packages\pythonsoftwarefoundation.python.3.11_qbz5n2kfra8p0\localcache\local-packages\python311\site-packages (from matplotlib==3.8.0->-r requirements.txt (line 3)) (1.4.5)
Requirement already satisfied: packaging>=20.0 in c:\users\burak\appdata\local\packages\pythonsoftwarefoundation.python.3.11_qbz5n2kfra8p0\localcache\local-packages\python311\site-packages (from matplotlib==3.8.0->-r requirements.txt (line 3)) (23.2)
Requirement already satisfied: pillow>=6.2.0 in c:\users\burak\appdata\local\packages\pythonsoftwarefoundation.python.3.11_qbz5n2kfra8p0\localcache\local-packages\python311\site-packages (from matplotlib==3.8.0->-r requirements.txt (line 3)) (11.0.0)
Requirement already satisfied: pyparsing>=2.3.1 in c:\users\burak\appdata\local\packages\pythonsoftwarefoundation.python.3.11_qbz5n2kfra8p0\localcache\local-packages\python311\site-packages (from matplotlib==3.8.0->-r requirements.txt (line 3)) (3.1.1)
Requirement already satisfied: scipy>=1.5.0 in c:\users\burak\appdata\local\packages\pythonsoftwarefoundation.python.3.11_qbz5n2kfra8p0\localcache\local-packages\python311\site-packages (from scikit-learn==1.3.1->-r requirements.txt (line 5)) (1.11.4)
Requirement already satisfied: joblib>=1.1.1 in c:\users\burak\appdata\local\packages\pythonsoftwarefoundation.python.3.11_qbz5n2kfra8p0\localcache\local-packages\python311\site-packages (from scikit-learn==1.3.1->-r requirements.txt (line 5)) (1.4.2)
Requirement already satisfied: threadpoolctl>=2.0.0 in c:\users\burak\appdata\local\packages\pythonsoftwarefoundation.python.3.11_qbz5n2kfra8p0\localcache\local-packages\python311\site-packages (from scikit-learn==1.3.1->-r requirements.txt (line 5)) (3.5.0)
Requirement already satisfied: six>=1.5 in c:\users\burak\appdata\local\packages\pythonsoftwarefoundation.python.3.11_qbz5n2kfra8p0\localcache\local-packages\python311\site-packages (from python-dateutil>=2.8.2->pandas==2.1.1->-r requirements.txt (line 1)) (1.16.0)

[notice] A new release of pip is available: 24.3.1 -> 25.0.1
[notice] To update, run: C:\Users\burak\AppData\Local\Microsoft\WindowsApps\PythonSoftwareFoundation.Python.3.11_qbz5n2kfra8p0\python.exe -m pip install --upgrade pip
